SF:lib/app/models/task_model.dart
DA:14,5
DA:16,10
DA:18,2
DA:21,5
DA:28,3
DA:30,3
DA:32,3
DA:34,3
DA:39,3
DA:41,3
DA:42,3
DA:43,3
DA:44,3
DA:45,3
DA:46,3
LF:15
LH:15
end_of_record
SF:lib/app/models/task_model.g.dart
DA:9,10
DA:10,5
DA:11,5
DA:12,10
DA:15,2
DA:16,1
DA:17,1
DA:18,2
LF:8
LH:8
end_of_record
SF:lib/styles/colors.dart
DA:4,0
DA:5,9
DA:6,9
DA:7,9
DA:8,9
DA:10,9
DA:11,0
DA:12,9
LF:8
LH:6
end_of_record
SF:lib/app/modules/home/controllers/home_controller.dart
DA:8,4
DA:14,3
DA:15,21
DA:18,1
DA:19,8
DA:20,2
DA:21,2
DA:24,2
DA:25,4
DA:26,4
DA:29,2
DA:30,2
DA:31,8
DA:34,2
DA:35,2
DA:36,8
DA:40,2
DA:41,2
DA:42,20
DA:45,4
DA:46,12
DA:47,4
DA:48,8
DA:49,4
DA:50,8
DA:59,4
DA:60,4
DA:62,12
LF:28
LH:28
end_of_record
SF:lib/app/modules/home/views/add_task_view.dart
DA:8,3
DA:17,1
DA:19,1
DA:20,1
DA:21,1
DA:22,1
DA:23,0
DA:24,0
DA:27,1
DA:30,2
DA:34,1
DA:35,2
DA:36,2
DA:37,1
DA:38,5
DA:45,1
DA:53,1
DA:54,1
DA:61,1
DA:62,1
DA:63,3
DA:64,3
DA:67,1
DA:68,1
DA:69,2
DA:70,2
DA:71,2
DA:74,2
DA:75,2
DA:77,2
DA:81,1
DA:83,2
DA:84,1
DA:87,1
DA:90,1
DA:91,3
DA:94,2
DA:97,3
DA:99,1
DA:101,1
DA:103,1
DA:105,1
DA:106,1
DA:108,1
DA:109,1
DA:110,1
DA:111,1
DA:113,1
DA:114,2
DA:115,2
DA:117,1
DA:118,1
DA:119,1
DA:120,1
DA:121,1
DA:124,0
DA:125,0
DA:127,1
DA:130,1
DA:131,1
DA:133,1
DA:136,0
DA:137,0
DA:144,1
DA:146,1
DA:148,2
DA:149,3
DA:150,2
DA:151,2
DA:152,1
DA:154,1
DA:155,1
DA:158,1
DA:161,1
DA:164,1
DA:167,1
DA:168,1
DA:177,1
DA:183,1
DA:185,1
DA:187,1
DA:188,1
DA:189,1
DA:190,2
DA:192,1
DA:193,4
DA:195,1
DA:196,1
DA:197,2
DA:199,1
DA:201,1
DA:203,1
DA:204,2
DA:205,1
LF:94
LH:88
end_of_record
SF:lib/app/modules/home/views/home_view.dart
DA:15,3
DA:17,3
DA:20,3
DA:21,3
DA:22,3
DA:24,6
DA:25,3
DA:26,3
DA:27,0
DA:28,0
DA:30,3
DA:32,3
DA:33,9
DA:34,3
DA:35,6
DA:38,3
DA:39,3
DA:40,3
DA:42,3
DA:44,3
DA:45,0
DA:46,0
DA:47,0
DA:49,0
DA:53,3
DA:55,3
DA:57,9
DA:58,3
DA:60,3
DA:61,3
DA:68,3
DA:69,3
DA:70,3
DA:71,3
DA:74,3
LF:35
LH:29
end_of_record
SF:lib/app/modules/home/components/clearable_text_form_field.dart
DA:15,3
DA:69,0
DA:70,6
DA:72,0
DA:75,3
DA:76,0
DA:78,0
DA:82,0
DA:85,0
DA:86,0
DA:87,3
DA:89,3
DA:94,3
DA:97,12
DA:98,1
DA:99,1
DA:103,3
DA:104,2
DA:105,3
DA:106,3
DA:108,3
DA:109,3
DA:110,10
DA:111,1
DA:114,1
DA:116,1
DA:118,1
DA:120,3
DA:180,3
DA:181,3
DA:188,9
DA:190,3
DA:191,3
DA:193,3
DA:195,3
DA:196,6
DA:197,0
DA:199,12
DA:203,0
DA:205,0
DA:206,0
DA:207,0
DA:208,0
DA:210,0
DA:211,0
DA:213,0
DA:214,0
DA:215,0
DA:220,3
DA:222,12
DA:223,3
DA:226,1
DA:228,1
DA:230,5
DA:233,0
DA:237,0
DA:238,0
DA:241,4
DA:243,1
DA:251,7
DA:255,1
DA:256,3
DA:257,2
DA:258,1
LF:64
LH:43
end_of_record
SF:lib/app/modules/home/components/search_bar.dart
DA:10,3
DA:18,3
DA:20,3
DA:22,3
DA:23,3
DA:25,3
DA:26,3
DA:27,3
DA:28,3
DA:29,6
DA:33,3
DA:34,3
DA:35,3
DA:36,1
DA:37,2
DA:39,3
DA:40,3
DA:41,3
DA:42,3
DA:43,3
DA:45,3
DA:47,6
DA:48,3
DA:50,3
DA:51,3
DA:52,3
DA:53,3
DA:59,3
DA:61,3
DA:62,0
DA:63,0
DA:65,3
DA:67,3
LF:33
LH:31
end_of_record
SF:lib/app/modules/home/components/task_cell.dart
DA:10,3
DA:17,3
DA:18,3
DA:19,1
DA:20,3
DA:22,3
DA:23,3
DA:25,6
DA:27,3
DA:29,3
DA:30,3
DA:32,3
DA:33,3
DA:34,3
DA:38,3
DA:41,3
DA:42,6
DA:43,3
DA:49,3
DA:52,9
DA:61,3
DA:62,3
DA:63,1
DA:64,3
DA:67,3
DA:69,6
DA:70,3
DA:72,3
DA:73,3
DA:75,3
DA:80,3
DA:83,3
DA:84,6
DA:85,3
DA:87,6
DA:88,9
DA:98,3
DA:100,15
LF:38
LH:38
end_of_record
SF:lib/app/modules/home/components/task_group.dart
DA:8,3
DA:15,3
DA:17,9
DA:18,3
DA:19,3
DA:20,18
DA:23,3
DA:24,3
DA:25,3
DA:26,3
DA:29,9
DA:30,3
DA:32,3
DA:34,3
DA:35,3
DA:37,3
DA:38,6
DA:39,3
DA:40,3
DA:43,3
DA:44,3
DA:53,1
LF:22
LH:22
end_of_record
SF:lib/app/modules/home/views/completed.dart
DA:7,1
DA:9,3
DA:11,1
DA:12,3
DA:13,4
DA:15,0
DA:21,3
LF:7
LH:6
end_of_record
SF:lib/app/modules/home/views/search_view.dart
DA:11,1
DA:13,1
DA:15,1
DA:16,1
DA:17,1
DA:18,1
DA:20,1
DA:21,2
DA:23,1
DA:24,1
DA:25,1
DA:26,1
DA:28,1
DA:31,2
DA:34,1
DA:35,1
DA:36,2
DA:37,3
DA:38,2
DA:40,1
DA:43,2
DA:49,1
DA:50,1
DA:51,1
LF:24
LH:24
end_of_record
SF:lib/app/modules/home/views/tasks.dart
DA:10,3
DA:12,6
DA:14,9
DA:15,6
DA:16,27
DA:17,21
DA:18,3
DA:19,6
DA:20,3
DA:26,3
DA:28,6
DA:29,3
LF:12
LH:12
end_of_record
