SF:lib/app/models/task_model.dart
DA:14,4
DA:16,8
DA:18,2
DA:21,4
DA:28,2
DA:30,2
DA:32,2
DA:34,2
DA:39,2
DA:41,2
DA:42,2
DA:43,2
DA:44,2
DA:45,2
DA:46,2
LF:15
LH:15
end_of_record
SF:lib/app/models/task_model.g.dart
DA:9,8
DA:10,4
DA:11,4
DA:12,8
DA:15,2
DA:16,1
DA:17,1
DA:18,2
LF:8
LH:8
end_of_record
SF:lib/styles/colors.dart
DA:4,0
DA:5,6
DA:6,6
DA:7,6
DA:8,6
DA:10,6
DA:11,0
DA:12,6
LF:8
LH:6
end_of_record
SF:lib/app/modules/home/controllers/home_controller.dart
DA:8,3
DA:14,2
DA:15,14
DA:18,1
DA:19,8
DA:20,2
DA:21,2
DA:24,1
DA:25,2
DA:26,2
DA:29,2
DA:30,2
DA:31,8
DA:34,2
DA:35,2
DA:36,8
DA:40,2
DA:41,2
DA:42,20
DA:45,3
DA:46,9
DA:47,3
DA:48,6
DA:49,3
DA:50,6
DA:59,3
DA:60,3
DA:62,9
LF:28
LH:28
end_of_record
SF:lib/app/modules/home/components/task_cell.dart
DA:10,2
DA:17,2
DA:18,2
DA:19,1
DA:20,3
DA:22,2
DA:23,2
DA:25,4
DA:27,2
DA:29,2
DA:30,2
DA:32,2
DA:33,2
DA:34,2
DA:38,2
DA:41,2
DA:42,4
DA:43,2
DA:49,2
DA:52,6
DA:61,2
DA:62,2
DA:63,1
DA:64,3
DA:67,2
DA:69,4
DA:70,2
DA:72,2
DA:73,2
DA:75,2
DA:80,2
DA:83,2
DA:84,4
DA:85,2
DA:87,4
DA:88,6
DA:98,2
DA:100,10
LF:38
LH:38
end_of_record
SF:lib/app/modules/home/views/home_view.dart
DA:15,2
DA:17,2
DA:20,2
DA:21,2
DA:22,2
DA:24,4
DA:25,2
DA:26,2
DA:27,0
DA:28,0
DA:30,2
DA:32,2
DA:33,6
DA:34,2
DA:35,4
DA:38,2
DA:39,2
DA:40,2
DA:42,2
DA:44,2
DA:45,0
DA:46,0
DA:47,0
DA:49,0
DA:53,2
DA:55,2
DA:57,6
DA:58,2
DA:60,2
DA:61,2
DA:68,2
DA:69,2
DA:70,2
DA:71,2
DA:74,2
LF:35
LH:29
end_of_record
SF:lib/app/modules/home/views/tasks.dart
DA:10,2
DA:12,4
DA:14,6
DA:15,4
DA:16,18
DA:17,14
DA:18,2
DA:19,4
DA:20,2
DA:26,2
DA:28,4
DA:29,2
LF:12
LH:12
end_of_record
SF:lib/app/modules/home/components/clearable_text_form_field.dart
DA:15,2
DA:69,0
DA:70,4
DA:72,0
DA:75,2
DA:76,0
DA:78,0
DA:82,0
DA:85,0
DA:86,0
DA:87,2
DA:89,2
DA:94,2
DA:97,8
DA:98,1
DA:99,1
DA:103,2
DA:104,2
DA:105,2
DA:106,2
DA:108,2
DA:109,2
DA:110,7
DA:111,1
DA:114,1
DA:116,1
DA:118,1
DA:120,3
DA:180,2
DA:181,2
DA:188,6
DA:190,2
DA:191,2
DA:193,2
DA:195,2
DA:196,4
DA:197,0
DA:199,8
DA:203,0
DA:205,0
DA:206,0
DA:207,0
DA:208,0
DA:210,0
DA:211,0
DA:213,0
DA:214,0
DA:215,0
DA:220,2
DA:222,8
DA:223,2
DA:226,1
DA:228,1
DA:230,5
DA:233,0
DA:237,0
DA:238,0
DA:241,4
DA:243,1
DA:251,7
DA:255,1
DA:256,3
DA:257,2
DA:258,1
LF:64
LH:43
end_of_record
SF:lib/app/modules/home/components/search_bar.dart
DA:10,2
DA:18,2
DA:20,2
DA:22,2
DA:23,2
DA:25,2
DA:26,2
DA:27,2
DA:28,2
DA:29,4
DA:33,2
DA:34,2
DA:35,2
DA:36,1
DA:37,2
DA:39,2
DA:40,2
DA:41,2
DA:42,2
DA:43,2
DA:45,2
DA:47,4
DA:48,2
DA:50,2
DA:51,2
DA:52,2
DA:53,2
DA:59,2
DA:61,2
DA:62,0
DA:63,0
DA:65,2
DA:67,2
LF:33
LH:31
end_of_record
SF:lib/app/modules/home/components/task_group.dart
DA:8,2
DA:15,2
DA:17,6
DA:18,2
DA:19,2
DA:20,12
DA:23,2
DA:24,2
DA:25,2
DA:26,2
DA:29,6
DA:30,2
DA:32,2
DA:34,2
DA:35,2
DA:37,2
DA:38,4
DA:39,2
DA:40,2
DA:43,2
DA:44,2
DA:53,1
LF:22
LH:22
end_of_record
SF:lib/app/modules/home/views/add_task_view.dart
DA:8,0
DA:17,0
DA:19,0
DA:20,0
DA:21,0
DA:22,0
DA:23,0
DA:24,0
DA:27,0
DA:30,0
DA:34,0
DA:35,0
DA:36,0
DA:37,0
DA:38,0
DA:45,0
DA:49,0
DA:50,0
DA:57,0
DA:58,0
DA:59,0
DA:60,0
DA:63,0
DA:64,0
DA:65,0
DA:66,0
DA:67,0
DA:70,0
DA:71,0
DA:73,0
DA:77,0
DA:80,0
DA:81,0
DA:89,0
DA:91,0
DA:93,0
DA:95,0
DA:96,0
DA:98,0
DA:99,0
DA:100,0
DA:101,0
DA:103,0
DA:104,0
DA:105,0
DA:107,0
DA:108,0
DA:109,0
DA:110,0
DA:111,0
DA:113,0
DA:114,0
DA:116,0
DA:118,0
DA:119,0
DA:121,0
DA:123,0
DA:124,0
DA:131,0
DA:132,0
DA:134,0
DA:135,0
DA:136,0
DA:137,0
DA:138,0
DA:140,0
DA:141,0
DA:144,0
DA:147,0
DA:150,0
DA:153,0
DA:154,0
DA:163,0
DA:168,0
DA:170,0
DA:172,0
DA:173,0
DA:174,0
DA:176,0
DA:177,0
DA:179,0
DA:180,0
DA:181,0
DA:183,0
DA:185,0
DA:187,0
DA:188,0
DA:189,0
LF:88
LH:0
end_of_record
SF:lib/app/modules/home/views/completed.dart
DA:7,1
DA:9,3
DA:11,1
DA:12,3
DA:13,4
DA:15,0
DA:21,3
LF:7
LH:6
end_of_record
SF:lib/app/modules/home/views/search_view.dart
DA:11,1
DA:13,1
DA:15,1
DA:16,1
DA:17,1
DA:18,1
DA:20,1
DA:21,2
DA:23,1
DA:24,1
DA:25,1
DA:26,1
DA:28,1
DA:31,2
DA:34,1
DA:35,1
DA:36,2
DA:37,3
DA:38,2
DA:40,1
DA:43,2
DA:49,1
DA:50,1
DA:51,1
LF:24
LH:24
end_of_record
